pygame 2.4.0 (SDL 2.26.4, Python 3.11.0)
Hello from the pygame community. https://www.pygame.org/contribute.html
Loaded 88 (88) waypoints from S:\Call of Duty\CoD 6 (MW2)\userraw\scriptdata\waypoints\af_chase_wp.csv
Wrote 88 waypoints to S:\Call of Duty\CoD 6 (MW2)\userraw\scriptdata\waypoints\af_chase_wp.csv
WARNING: Waypoint a9ff68dbe401573ced5ef43b6ff43e6b Connection 277 is over 275!
WARNING: Waypoint a9ff68dbe401573ced5ef43b6ff43e6b Connection 282 is over 275!
WARNING: Waypoint a9ff68dbe401573ced5ef43b6ff43e6b Connection 293 is over 275!
WARNING: Waypoint a9ff68dbe401573ced5ef43b6ff43e6b Connection 301 is over 275!
WARNING: Waypoint 31b7b5654088b1a00497974f133c415e Connection 277 is over 275!
WARNING: Waypoint 31b7b5654088b1a00497974f133c415e Connection 301 is over 275!
WARNING: Waypoint 9ed306171ccd63a515cabf36e7b8f06c Connection 295 is over 275!
WARNING: Waypoint 9ed306171ccd63a515cabf36e7b8f06c Connection 325 is over 275!
WARNING: Waypoint 9ed306171ccd63a515cabf36e7b8f06c Connection 328 is over 275!
WARNING: Waypoint c30a8616b96fa7c53f2a914808724773 Connection 308 is over 275!
WARNING: Waypoint c30a8616b96fa7c53f2a914808724773 Connection 313 is over 275!
WARNING: Waypoint c30a8616b96fa7c53f2a914808724773 Connection 320 is over 275!
WARNING: Waypoint c30a8616b96fa7c53f2a914808724773 Connection 329 is over 275!
WARNING: Waypoint 8c301614d086a9335c4feb43c00c74d0 Connection 302 is over 275!
WARNING: Waypoint 8c301614d086a9335c4feb43c00c74d0 Connection 315 is over 275!
WARNING: Waypoint 8c301614d086a9335c4feb43c00c74d0 Connection 319 is over 275!
WARNING: Waypoint 8c301614d086a9335c4feb43c00c74d0 Connection 330 is over 275!
WARNING: Waypoint 75a87b728138202505f4035026107e47 Connection 302 is over 275!
WARNING: Waypoint 706bc63553f6d3ecd884f54d98658ba6 Connection 307 is over 275!
WARNING: Waypoint 2adc18324ee543ebb280c2ac588182e2 Connection 307 is over 275!
WARNING: Waypoint 4d7fabefc25c392c722a5d1c2e4092c4 Connection 280 is over 275!
WARNING: Waypoint 1865cae1cdf2258cd062b9176182b3a9 Connection 290 is over 275!
WARNING: Waypoint 1865cae1cdf2258cd062b9176182b3a9 Connection 291 is over 275!
WARNING: Waypoint f540e184d0f3867329967159f3555149 Connection 288 is over 275!
WARNING: Waypoint f540e184d0f3867329967159f3555149 Connection 291 is over 275!
WARNING: Waypoint b1b63ea6f1ef9e4608f0108836798643 Connection 288 is over 275!
WARNING: Waypoint 3eaada3f0522649af6ab20ea5f0d9f91 Connection 279 is over 275!
WARNING: Waypoint 6b1e8618acd5517de06e6567f0433496 Connection 278 is over 275!
WARNING: Waypoint b261284999bb24cf97a9e15d760d4189 Connection 276 is over 275!
WARNING: Waypoint b261284999bb24cf97a9e15d760d4189 Connection 281 is over 275!
Loaded 275 (275) waypoints from S:\Call of Duty\CoD 6 (MW2)\userraw\scriptdata\waypoints\airport_wp.csv
Wrote 275 waypoints to S:\Call of Duty\CoD 6 (MW2)\userraw\scriptdata\waypoints\airport_wp.csv
Loaded 257 (257) waypoints from S:\Call of Duty\CoD 6 (MW2)\userraw\scriptdata\waypoints\arcadia_wp.csv
Wrote 257 waypoints to S:\Call of Duty\CoD 6 (MW2)\userraw\scriptdata\waypoints\arcadia_wp.csv
Loaded 166 (166) waypoints from S:\Call of Duty\CoD 6 (MW2)\userraw\scriptdata\waypoints\contingency_wp.csv
Wrote 166 waypoints to S:\Call of Duty\CoD 6 (MW2)\userraw\scriptdata\waypoints\contingency_wp.csv
Loaded 164 (164) waypoints from S:\Call of Duty\CoD 6 (MW2)\userraw\scriptdata\waypoints\co_hunted_wp.csv
Wrote 164 waypoints to S:\Call of Duty\CoD 6 (MW2)\userraw\scriptdata\waypoints\co_hunted_wp.csv
Loaded 177 (177) waypoints from S:\Call of Duty\CoD 6 (MW2)\userraw\scriptdata\waypoints\co_hunted_wp_fixed.csv
Wrote 177 waypoints to S:\Call of Duty\CoD 6 (MW2)\userraw\scriptdata\waypoints\co_hunted_wp_fixed.csv
Loaded 20 (20) waypoints from S:\Call of Duty\CoD 6 (MW2)\userraw\scriptdata\waypoints\ending_wp.csv
Wrote 20 waypoints to S:\Call of Duty\CoD 6 (MW2)\userraw\scriptdata\waypoints\ending_wp.csv
Loaded 286 (286) waypoints from S:\Call of Duty\CoD 6 (MW2)\userraw\scriptdata\waypoints\favela_escape_wp.csv
Wrote 286 waypoints to S:\Call of Duty\CoD 6 (MW2)\userraw\scriptdata\waypoints\favela_escape_wp.csv
Loaded 14 (14) waypoints from S:\Call of Duty\CoD 6 (MW2)\userraw\scriptdata\waypoints\favela_wp.csv
Wrote 14 waypoints to S:\Call of Duty\CoD 6 (MW2)\userraw\scriptdata\waypoints\favela_wp.csv
WARNING: Waypoint 5c6ee64614fe688f93a53b30a23717b9 Connection 181 target is itself!
WARNING: Waypoint 217a798d4174bed483768f9c588fcf3c Connection 182 target is itself!
WARNING: Waypoint 4ba56f5eb63b7fa8f751a55fd59dffdd Connection 183 target is itself!
WARNING: Waypoint 83061b81476e76e0baa77305bc697143 Connection 184 target is itself!
WARNING: Waypoint ebacc3d423397dba6f65aea169884c1d Connection 185 target is itself!
WARNING: Waypoint 84c017667337adb32b7189838b1bef28 Connection 186 target is itself!
WARNING: Waypoint 9b75bc76a1a952ddfa566b9669d07aee Connection 187 target is itself!
WARNING: Waypoint 862fd71d179923071d75dcd5c7c4ba3b Connection 189 target is itself!
WARNING: Waypoint 40b0ab203b01d4d240e19858ac9e0426 Connection 191 target is itself!
WARNING: Waypoint 5b571440aa5ea536299ef2c0c650d030 Connection 192 target is itself!
WARNING: Waypoint c51725714057fa6f7d9150107ac3fe10 Connection 193 target is itself!
WARNING: Waypoint 5e2b84740f04e0661a3f6f10aba9fc51 Connection 199 target is itself!
WARNING: Waypoint e7c13dcb46259fe2b536c8b602871816 Connection 200 target is itself!
WARNING: Waypoint 481adac4c930e171b7bab85be8d734d0 Connection 201 target is itself!
WARNING: Waypoint 931ea2e08bb6769ef09e83baa545ad12 Connection 203 target is itself!
WARNING: Waypoint 72f416dc7c1fef53dfb1314d75bc4c40 Connection 204 target is itself!
WARNING: Waypoint 529934fc633b313a946ea62895363131 Connection 205 target is itself!
WARNING: Waypoint f80b2f2226daa00daa5b490f604d7f44 Connection 206 target is itself!
WARNING: Waypoint 2a1669f3048bd3764cea287c0fdf1daf Connection 209 target is itself!
WARNING: Waypoint a581a5fd0fbbbf58941ee0a7509e4f8f Connection 212 target is itself!
WARNING: Waypoint 361a7127a8b9fa330ef94023e96e02aa Connection 213 target is itself!
WARNING: Waypoint 6f41625ce9db67a6e13c615c910fe6b2 Connection 214 target is itself!
WARNING: Waypoint d939b2c21b08639cc6dafd1c662282a4 Connection 215 target is itself!
WARNING: Waypoint ab300c89c430bee43dd6e96c5d0abe42 Connection 216 target is itself!
WARNING: Waypoint 69ae6fdc99a466b16cb28c9f494bcb4d Connection 217 target is itself!
WARNING: Waypoint e5cbe3844a7ee78a98b0db15b9b5e71e Connection 218 target is itself!
WARNING: Waypoint ac30da5b9303f740e08725eff74bf971 Connection 219 target is itself!
WARNING: Waypoint 55bf318a5895c0afde905e4ca44edb17 Connection 220 target is itself!
WARNING: Waypoint 8dcd0caff1f31b19bd1de517e6ee9f6a Connection 221 target is itself!
WARNING: Waypoint df7943c323d04c8e442b3cb51b94017a Connection 222 target is itself!
WARNING: Waypoint 52daf21e1b344b4442b9a778a47af93f Connection 223 target is itself!
WARNING: Waypoint 7dbf078801447390817ac23ea7cd1f9c Connection 224 target is itself!
WARNING: Waypoint e9486bb83604368269aa1fdf279fb881 Connection 225 target is itself!
WARNING: Waypoint d22d907d0b3c3b1da01e689105183d3f Connection 226 target is itself!
WARNING: Waypoint f9717c25cca995ace17df24b6b96239b Connection 227 target is itself!
WARNING: Waypoint a13bb0f349e2030f1ef99492c74f686e Connection 229 target is itself!
WARNING: Waypoint e1d7d830ee5d0acd0f7fbaf677679561 Connection 230 target is itself!
WARNING: Waypoint 010f7ad7a751fe39bd1bd92b23ef799f Connection 231 target is itself!
WARNING: Waypoint 6b00dbec37ea6d8416f980f2c7b1e73c Connection 232 target is itself!
WARNING: Waypoint 58879cbc6c581b725c1ffdd0afa1db3c Connection 233 target is itself!
WARNING: Waypoint 10669e4f166f6244bdbb836ed3c91ccd Connection 234 target is itself!
WARNING: Waypoint c2d8dac16b44fa6244c50a3da8685795 Connection 235 target is itself!
WARNING: Waypoint f0a7defada8ece29e5fa3b3be184597c Connection 236 target is itself!
WARNING: Waypoint c199e8a51ae7a454823a5860950a5ff2 Connection 237 target is itself!
WARNING: Waypoint db5d7c7c4a11543baada1b490efbd9f6 Connection 239 target is itself!
WARNING: Waypoint f127f706aa2ceb940275263227faeae5 Connection 240 target is itself!
WARNING: Waypoint 3446f73c0bad4139e478925dae82b2f7 Connection 241 target is itself!
WARNING: Waypoint cf31a66ad78f5116e268c365d4982616 Connection 243 target is itself!
WARNING: Waypoint d82c7cbcf8a28c99e5979c4c50efd424 Connection 245 target is itself!
WARNING: Waypoint c24cba336c5cc6751abe4dbb48bf3ace Connection 246 target is itself!
WARNING: Waypoint 74bd29ee9d6b2c6daa7fe6399ddb933a Connection 247 target is itself!
WARNING: Waypoint 6e7a5ed1fcbe406317ec50e35cf2c764 Connection 253 is over 252!
WARNING: Waypoint 10f9c49be2cb973f325a7260bc1c6684 Connection 250 target is itself!
WARNING: Waypoint 10f9c49be2cb973f325a7260bc1c6684 Connection 253 is over 252!
Loaded 252 (252) waypoints from S:\Call of Duty\CoD 6 (MW2)\userraw\scriptdata\waypoints\gulag_wp.csv
WP|5c6ee64614fe688f93a53b30a23717b9|4320308709219936144|180|[-5173.95, -621.122, 2120.13]|5c6ee646 4ba56f5e|STAND|[40.3186, -18.3759, 0]|None connection WP|5c6ee64614fe688f93a53b30a23717b9|4320308709219936144|180|[-5173.95, -621.122, 2120.13]|5c6ee646 4ba56f5e|STAND|[40.3186, -18.3759, 0]|None is itself
WP|217a798d4174bed483768f9c588fcf3c|3571640425867531951|181|[-5021.56, -802.01, 2120.13]|217a798d 83061b81|STAND|[41.4392, -37.9755, 0]|None connection WP|217a798d4174bed483768f9c588fcf3c|3571640425867531951|181|[-5021.56, -802.01, 2120.13]|217a798d 83061b81|STAND|[41.4392, -37.9755, 0]|None is itself
WP|4ba56f5eb63b7fa8f751a55fd59dffdd|5759463702816861441|182|[-5189.98, -1135.28, 2120.13]|4ba56f5e ebacc3d4 862fd71d|STAND|[36.9568, -127.673, 0]|None connection WP|4ba56f5eb63b7fa8f751a55fd59dffdd|5759463702816861441|182|[-5189.98, -1135.28, 2120.13]|4ba56f5e ebacc3d4 862fd71d|STAND|[36.9568, -127.673, 0]|None is itself
WP|83061b81476e76e0baa77305bc697143|-8652319893806963547|183|[-4605.83, -1495.73, 2120.13]|83061b81 84c01766 bba84b11|STAND|[46.7017, 81.2921, 0]|None connection WP|83061b81476e76e0baa77305bc697143|-8652319893806963547|183|[-4605.83, -1495.73, 2120.13]|83061b81 84c01766 bba84b11|STAND|[46.7017, 81.2921, 0]|None is itself
WP|ebacc3d423397dba6f65aea169884c1d|387103642499252691|184|[-4415.02, -1258.29, 2120.13]|ebacc3d4 9b75bc76|STAND|[48.4924, 42.4335, 0]|None connection WP|ebacc3d423397dba6f65aea169884c1d|387103642499252691|184|[-4415.02, -1258.29, 2120.13]|ebacc3d4 9b75bc76|STAND|[48.4924, 42.4335, 0]|None is itself
WP|84c017667337adb32b7189838b1bef28|-3926848456986051699|185|[-4100.67, -1454.55, 2120.13]|84c01766 bba84b11|STAND|[52.2992, -85.4584, 0]|None connection WP|84c017667337adb32b7189838b1bef28|-3926848456986051699|185|[-4100.67, -1454.55, 2120.13]|84c01766 bba84b11|STAND|[52.2992, -85.4584, 0]|None is itself
WP|9b75bc76a1a952ddfa566b9669d07aee|7424391062732066792|186|[-4385.55, -1831.87, 2120.13]|ebacc3d4 9b75bc76|STAND|[34.0454, -152.42, 0]|None connection WP|9b75bc76a1a952ddfa566b9669d07aee|7424391062732066792|186|[-4385.55, -1831.87, 2120.13]|ebacc3d4 9b75bc76|STAND|[34.0454, -152.42, 0]|None is itself
WP|862fd71d179923071d75dcd5c7c4ba3b|-2123701980218559080|188|[-4589.95, -2105.92, 2120.13]|862fd71d|STAND|[44.01, -83.6676, 0]|None connection WP|862fd71d179923071d75dcd5c7c4ba3b|-2123701980218559080|188|[-4589.95, -2105.92, 2120.13]|862fd71d|STAND|[44.01, -83.6676, 0]|None is itself
WP|862fd71d179923071d75dcd5c7c4ba3b|4921702656425849025|188|[-4589.95, -2105.92, 2120.13]||STAND|[44.01, -83.6676, 0]|None has no connections
WP|40b0ab203b01d4d240e19858ac9e0426|-4598712987328428483|190|[-3968.82, -2812.48, 2768.13]|40b0ab20 c5172571 fbc2e61a|STAND|[30.3485, -62.0465, 0]|None connection WP|40b0ab203b01d4d240e19858ac9e0426|-4598712987328428483|190|[-3968.82, -2812.48, 2768.13]|40b0ab20 c5172571 fbc2e61a|STAND|[30.3485, -62.0465, 0]|None is itself
WP|5b571440aa5ea536299ef2c0c650d030|-1362520839764359153|191|[-4158.12, -2696.49, 2768.13]|5b571440 d7532081 3ec73ea9|STAND|[43.5651, 145.54, 0]|None connection WP|5b571440aa5ea536299ef2c0c650d030|-1362520839764359153|191|[-4158.12, -2696.49, 2768.13]|5b571440 d7532081 3ec73ea9|STAND|[43.5651, 145.54, 0]|None is itself
WP|c51725714057fa6f7d9150107ac3fe10|-8498417891415568470|192|[-4061.28, -2512.42, 2768.13]|40b0ab20 c5172571 7d556daa|STAND|[41.994, 74.0906, 0]|None connection WP|c51725714057fa6f7d9150107ac3fe10|-8498417891415568470|192|[-4061.28, -2512.42, 2768.13]|40b0ab20 c5172571 7d556daa|STAND|[41.994, 74.0906, 0]|None is itself
WP|5e2b84740f04e0661a3f6f10aba9fc51|3683917316973522056|198|[-4072.38, -2281.37, 2764.13]|5e2b8474 481adac4|STAND|[31.9141, 57.4078, 0]|None connection WP|5e2b84740f04e0661a3f6f10aba9fc51|3683917316973522056|198|[-4072.38, -2281.37, 2764.13]|5e2b8474 481adac4|STAND|[31.9141, 57.4078, 0]|None is itself
WP|e7c13dcb46259fe2b536c8b602871816|8949431686537293031|199|[-3616.57, -2569.88, 2764.13]|e7c13dcb e67dbb2b|STAND|[46.3611, -25.6873, 0]|None connection WP|e7c13dcb46259fe2b536c8b602871816|8949431686537293031|199|[-3616.57, -2569.88, 2764.13]|e7c13dcb e67dbb2b|STAND|[46.3611, -25.6873, 0]|None is itself
WP|481adac4c930e171b7bab85be8d734d0|4974675082576561828|200|[-3914.25, -3023.31, 2764.13]|5e2b8474 481adac4|STAND|[45.3558, -113.034, 0]|None connection WP|481adac4c930e171b7bab85be8d734d0|4974675082576561828|200|[-3914.25, -3023.31, 2764.13]|5e2b8474 481adac4|STAND|[45.3558, -113.034, 0]|None is itself
WP|931ea2e08bb6769ef09e83baa545ad12|4477214031674731045|202|[-3706.36, -2583.64, 3008.13]|931ea2e0 529934fc 3c35dae7|STAND|[40.8734, 49.1187, 0]|None connection WP|931ea2e08bb6769ef09e83baa545ad12|4477214031674731045|202|[-3706.36, -2583.64, 3008.13]|931ea2e0 529934fc 3c35dae7|STAND|[40.8734, 49.1187, 0]|None is itself
WP|72f416dc7c1fef53dfb1314d75bc4c40|9106522406782359728|203|[-4007.44, -2419.21, 3008.13]|72f416dc f80b2f22 3c35dae7|STAND|[40.8734, 142.744, 0]|None connection WP|72f416dc7c1fef53dfb1314d75bc4c40|9106522406782359728|203|[-4007.44, -2419.21, 3008.13]|72f416dc f80b2f22 3c35dae7|STAND|[40.8734, 142.744, 0]|None is itself
WP|529934fc633b313a946ea62895363131|-969687977252367647|204|[-4208.52, -2668.08, 3008.13]|931ea2e0 529934fc 3c35dae7|STAND|[46.3611, -149.723, 0]|None connection WP|529934fc633b313a946ea62895363131|-969687977252367647|204|[-4208.52, -2668.08, 3008.13]|931ea2e0 529934fc 3c35dae7|STAND|[46.3611, -149.723, 0]|None is itself
WP|f80b2f2226daa00daa5b490f604d7f44|867755966039489529|205|[-3990.28, -2635.48, 3008.13]|931ea2e0 72f416dc 529934fc f80b2f22|STAND|[32.6996, 84.4397, 0]|None connection WP|f80b2f2226daa00daa5b490f604d7f44|867755966039489529|205|[-3990.28, -2635.48, 3008.13]|931ea2e0 72f416dc 529934fc f80b2f22|STAND|[32.6996, 84.4397, 0]|None is itself
WP|2a1669f3048bd3764cea287c0fdf1daf|-7965188230930362087|208|[-5316.96, -870.573, 2778.13]|2a1669f3|STAND|[34.0454, 10.2271, 0]|None connection WP|2a1669f3048bd3764cea287c0fdf1daf|-7965188230930362087|208|[-5316.96, -870.573, 2778.13]|2a1669f3|STAND|[34.0454, 10.2271, 0]|None is itself
WP|2a1669f3048bd3764cea287c0fdf1daf|-2018207901092455813|208|[-5316.96, -870.573, 2778.13]||STAND|[34.0454, 10.2271, 0]|None has no connections
WP|a581a5fd0fbbbf58941ee0a7509e4f8f|-6587500680665096371|211|[-5379.42, -890.15, 2489.07]|a581a5fd 6f41625c|STAND|[20.719, 96.3049, 0]|None connection WP|a581a5fd0fbbbf58941ee0a7509e4f8f|-6587500680665096371|211|[-5379.42, -890.15, 2489.07]|a581a5fd 6f41625c|STAND|[20.719, 96.3049, 0]|None is itself
WP|361a7127a8b9fa330ef94023e96e02aa|-7101969079853152167|212|[-5313.77, 230.13, 2495.23]|361a7127 d939b2c2|STAND|[25.6464, 67.0813, 0]|None connection WP|361a7127a8b9fa330ef94023e96e02aa|-7101969079853152167|212|[-5313.77, 230.13, 2495.23]|361a7127 d939b2c2|STAND|[25.6464, 67.0813, 0]|None is itself
WP|6f41625ce9db67a6e13c615c910fe6b2|2083717154655508140|213|[-4325.14, 1653.67, 2491.53]|6f41625c ab300c89|STAND|[27.6569, 25.9815, 0]|None connection WP|6f41625ce9db67a6e13c615c910fe6b2|2083717154655508140|213|[-4325.14, 1653.67, 2491.53]|6f41625c ab300c89|STAND|[27.6569, 25.9815, 0]|None is itself
WP|d939b2c21b08639cc6dafd1c662282a4|3009471478528799686|214|[-3252.64, 2178.51, 2491.17]|d939b2c2 69ae6fdc|STAND|[28.2172, 14.2206, 0]|None connection WP|d939b2c21b08639cc6dafd1c662282a4|3009471478528799686|214|[-3252.64, 2178.51, 2491.17]|d939b2c2 69ae6fdc|STAND|[28.2172, 14.2206, 0]|None is itself
WP|ab300c89c430bee43dd6e96c5d0abe42|3385318394064614404|215|[-1796.98, 2202.47, 2489.31]|ab300c89 e5cbe384|STAND|[30.9088, -12.4267, 0]|None connection WP|ab300c89c430bee43dd6e96c5d0abe42|3385318394064614404|215|[-1796.98, 2202.47, 2489.31]|ab300c89 e5cbe384|STAND|[30.9088, -12.4267, 0]|None is itself
WP|69ae6fdc99a466b16cb28c9f494bcb4d|-1246566821979927204|216|[-629.062, 1629.82, 2487.06]|69ae6fdc ac30da5b|STAND|[23.8501, -37.0526, 0]|None connection WP|69ae6fdc99a466b16cb28c9f494bcb4d|-1246566821979927204|216|[-629.062, 1629.82, 2487.06]|69ae6fdc ac30da5b|STAND|[23.8501, -37.0526, 0]|None is itself
WP|e5cbe3844a7ee78a98b0db15b9b5e71e|-8424909926836321318|217|[-231.904, 1229.51, 2488.38]|e5cbe384 55bf318a df7943c3|STAND|[31.579, -50.5988, 0]|None connection WP|e5cbe3844a7ee78a98b0db15b9b5e71e|-8424909926836321318|217|[-231.904, 1229.51, 2488.38]|e5cbe384 55bf318a df7943c3|STAND|[31.579, -50.5988, 0]|None is itself
WP|ac30da5b9303f740e08725eff74bf971|-9023456575528240948|218|[-617.121, 1114.08, 2472.13]|ac30da5b 8dcd0caf|STAND|[43.7848, -147.581, 0]|None connection WP|ac30da5b9303f740e08725eff74bf971|-9023456575528240948|218|[-617.121, 1114.08, 2472.13]|ac30da5b 8dcd0caf|STAND|[43.7848, -147.581, 0]|None is itself
WP|55bf318a5895c0afde905e4ca44edb17|2021858695684877366|219|[-249.258, 696.217, 2472.13]|55bf318a df7943c3|STAND|[33.0347, -51.6095, 0]|None connection WP|55bf318a5895c0afde905e4ca44edb17|2021858695684877366|219|[-249.258, 696.217, 2472.13]|55bf318a df7943c3|STAND|[33.0347, -51.6095, 0]|None is itself
WP|8dcd0caff1f31b19bd1de517e6ee9f6a|-4811384508625775992|220|[41.4728, 902.57, 2494.93]|ac30da5b 8dcd0caf 52daf21e|STAND|[27.7722, 54.447, 0]|None connection WP|8dcd0caff1f31b19bd1de517e6ee9f6a|-4811384508625775992|220|[41.4728, 902.57, 2494.93]|ac30da5b 8dcd0caf 52daf21e|STAND|[27.7722, 54.447, 0]|None is itself
WP|df7943c323d04c8e442b3cb51b94017a|2584048761204341627|221|[399.793, -138.521, 2491.33]|df7943c3 7dbf0788|STAND|[27.3218, -77.7679, 0]|None connection WP|df7943c323d04c8e442b3cb51b94017a|2584048761204341627|221|[399.793, -138.521, 2491.33]|df7943c3 7dbf0788|STAND|[27.3218, -77.7679, 0]|None is itself
WP|52daf21e1b344b4442b9a778a47af93f|-6243658942722193975|222|[427.979, -685.912, 2384.02]|52daf21e e9486bb8|STAND|[16.5717, -92.6599, 0]|None connection WP|52daf21e1b344b4442b9a778a47af93f|-6243658942722193975|222|[427.979, -685.912, 2384.02]|52daf21e e9486bb8|STAND|[16.5717, -92.6599, 0]|None is itself
WP|7dbf078801447390817ac23ea7cd1f9c|-3609915977515615886|223|[407.017, -1089.9, 2489.9]|7dbf0788 d22d907d|STAND|[32.0294, 87.9333, 0]|None connection WP|7dbf078801447390817ac23ea7cd1f9c|-3609915977515615886|223|[407.017, -1089.9, 2489.9]|7dbf0788 d22d907d|STAND|[32.0294, 87.9333, 0]|None is itself
WP|e9486bb83604368269aa1fdf279fb881|3411173470714363871|224|[84.8236, -980.501, 2465.13]|e9486bb8 f9717c25|STAND|[37.0667, 173.934, 0]|None connection WP|e9486bb83604368269aa1fdf279fb881|3411173470714363871|224|[84.8236, -980.501, 2465.13]|e9486bb8 f9717c25|STAND|[37.0667, 173.934, 0]|None is itself
WP|d22d907d0b3c3b1da01e689105183d3f|7070193144490236477|225|[97.3423, -678.501, 2465.13]|d22d907d 174b6b72|STAND|[33.0347, 147.287, 0]|None connection WP|d22d907d0b3c3b1da01e689105183d3f|7070193144490236477|225|[97.3423, -678.501, 2465.13]|d22d907d 174b6b72|STAND|[33.0347, 147.287, 0]|None is itself
WP|f9717c25cca995ace17df24b6b96239b|6802927824640433043|226|[442.791, -664.653, 2386.73]|f9717c25|STAND|[58.2318, -2.78074, 0]|None connection WP|f9717c25cca995ace17df24b6b96239b|6802927824640433043|226|[442.791, -664.653, 2386.73]|f9717c25|STAND|[58.2318, -2.78074, 0]|None is itself
WP|f9717c25cca995ace17df24b6b96239b|5299013900921448584|226|[442.791, -664.653, 2386.73]||STAND|[58.2318, -2.78074, 0]|None has no connections
WP|a13bb0f349e2030f1ef99492c74f686e|3211284728338328720|228|[-1227.78, -2885.26, 2472.13]|a13bb0f3 010f7ad7|STAND|[37.8467, 99.0131, 0]|None connection WP|a13bb0f349e2030f1ef99492c74f686e|3211284728338328720|228|[-1227.78, -2885.26, 2472.13]|a13bb0f3 010f7ad7|STAND|[37.8467, 99.0131, 0]|None is itself
WP|e1d7d830ee5d0acd0f7fbaf677679561|5240871832267419924|229|[-1762.69, -3123.09, 2472.13]|e1d7d830 6b00dbec|STAND|[36.6162, -169.603, 0]|None connection WP|e1d7d830ee5d0acd0f7fbaf677679561|5240871832267419924|229|[-1762.69, -3123.09, 2472.13]|e1d7d830 6b00dbec|STAND|[36.6162, -169.603, 0]|None is itself
WP|010f7ad7a751fe39bd1bd92b23ef799f|-2770056630807206550|230|[-1655.9, -3436.62, 2489.86]|a13bb0f3 010f7ad7 58879cbc|STAND|[22.8448, -72.2913, 0]|None connection WP|010f7ad7a751fe39bd1bd92b23ef799f|-2770056630807206550|230|[-1655.9, -3436.62, 2489.86]|a13bb0f3 010f7ad7 58879cbc|STAND|[22.8448, -72.2913, 0]|None is itself
WP|6b00dbec37ea6d8416f980f2c7b1e73c|1440215547515371392|231|[-1962.18, -3503.41, 2489]|6b00dbec 10669e4f|STAND|[21.3892, -177.068, 0]|None connection WP|6b00dbec37ea6d8416f980f2c7b1e73c|1440215547515371392|231|[-1962.18, -3503.41, 2489]|6b00dbec 10669e4f|STAND|[21.3892, -177.068, 0]|None is itself
WP|58879cbc6c581b725c1ffdd0afa1db3c|5388681622576017876|232|[-3045.15, -3489.08, 2486.75]|58879cbc c2d8dac1 c199e8a5|STAND|[20.3784, 169.831, 0]|None connection WP|58879cbc6c581b725c1ffdd0afa1db3c|5388681622576017876|232|[-3045.15, -3489.08, 2486.75]|58879cbc c2d8dac1 c199e8a5|STAND|[20.3784, 169.831, 0]|None is itself
WP|10669e4f166f6244bdbb836ed3c91ccd|1664456220176254500|233|[-3040.65, -3141.82, 2465.13]|10669e4f f0a7defa|STAND|[32.4744, 75.6506, 0]|None connection WP|10669e4f166f6244bdbb836ed3c91ccd|1664456220176254500|233|[-3040.65, -3141.82, 2465.13]|10669e4f f0a7defa|STAND|[32.4744, 75.6506, 0]|None is itself
WP|c2d8dac16b44fa6244c50a3da8685795|6903674830093584311|234|[-3340.77, -3025.27, 2465.13]|c2d8dac1 c199e8a5|STAND|[36.5063, 132.203, 0]|None connection WP|c2d8dac16b44fa6244c50a3da8685795|6903674830093584311|234|[-3340.77, -3025.27, 2465.13]|c2d8dac1 c199e8a5|STAND|[36.5063, 132.203, 0]|None is itself
WP|f0a7defada8ece29e5fa3b3be184597c|2158983421831551817|235|[-3488.56, -3411.26, 2492.31]|10669e4f f0a7defa 174499a0|STAND|[22.8448, -96.9995, 0]|None connection WP|f0a7defada8ece29e5fa3b3be184597c|2158983421831551817|235|[-3488.56, -3411.26, 2492.31]|10669e4f f0a7defa 174499a0|STAND|[22.8448, -96.9995, 0]|None is itself
WP|c199e8a51ae7a454823a5860950a5ff2|171398819388022298|236|[-4589.63, -2674.01, 2488.59]|a581a5fd c199e8a5|STAND|[19.5929, 134.027, 0]|None connection WP|c199e8a51ae7a454823a5860950a5ff2|171398819388022298|236|[-4589.63, -2674.01, 2488.59]|a581a5fd c199e8a5|STAND|[19.5929, 134.027, 0]|None is itself
WP|db5d7c7c4a11543baada1b490efbd9f6|5607690515126104605|238|[-1496.24, 1368.6, 2120.13]|db5d7c7c 3446f73c|STAND|[23.6304, -111.117, 0]|None connection WP|db5d7c7c4a11543baada1b490efbd9f6|5607690515126104605|238|[-1496.24, 1368.6, 2120.13]|db5d7c7c 3446f73c|STAND|[23.6304, -111.117, 0]|None is itself
WP|f127f706aa2ceb940275263227faeae5|2779519043345470232|239|[-1795.95, 907.552, 2120.13]|f127f706 f45db409 cf31a66a|STAND|[30.3485, -122.087, 0]|None connection WP|f127f706aa2ceb940275263227faeae5|2779519043345470232|239|[-1795.95, 907.552, 2120.13]|f127f706 f45db409 cf31a66a|STAND|[30.3485, -122.087, 0]|None is itself
WP|3446f73c0bad4139e478925dae82b2f7|-2007804249276504495|240|[-2133.35, 1088.27, 2120.13]|3446f73c|STAND|[31.579, -145.603, 0]|None connection WP|3446f73c0bad4139e478925dae82b2f7|-2007804249276504495|240|[-2133.35, 1088.27, 2120.13]|3446f73c|STAND|[31.579, -145.603, 0]|None is itself
WP|3446f73c0bad4139e478925dae82b2f7|4929733341159788321|240|[-2133.35, 1088.27, 2120.13]||STAND|[31.579, -145.603, 0]|None has no connections
WP|cf31a66ad78f5116e268c365d4982616|-2861989671468817309|242|[-1957.42, 1278.23, 2120.13]|cf31a66a|STAND|[31.579, 118.344, 0]|None connection WP|cf31a66ad78f5116e268c365d4982616|-2861989671468817309|242|[-1957.42, 1278.23, 2120.13]|cf31a66a|STAND|[31.579, 118.344, 0]|None is itself
WP|cf31a66ad78f5116e268c365d4982616|7151974451509598220|242|[-1957.42, 1278.23, 2120.13]||STAND|[31.579, 118.344, 0]|None has no connections
WP|d82c7cbcf8a28c99e5979c4c50efd424|245302048790544242|244|[-1434.88, 1358.83, 2764.13]|d82c7cbc 74bd29ee|STAND|[38.4125, 152.604, 0]|None connection WP|d82c7cbcf8a28c99e5979c4c50efd424|245302048790544242|244|[-1434.88, 1358.83, 2764.13]|d82c7cbc 74bd29ee|STAND|[38.4125, 152.604, 0]|None is itself
WP|c24cba336c5cc6751abe4dbb48bf3ace|-1914017045965287159|245|[-1142.28, 1834.38, 2764.13]|c24cba33 6e7a5ed1|STAND|[45.6909, 40.2856, 0]|None connection WP|c24cba336c5cc6751abe4dbb48bf3ace|-1914017045965287159|245|[-1142.28, 1834.38, 2764.13]|c24cba33 6e7a5ed1|STAND|[45.6909, 40.2856, 0]|None is itself
WP|74bd29ee9d6b2c6daa7fe6399ddb933a|-4560134243150961697|246|[-687.205, 1545.91, 2764.13]|d82c7cbc 74bd29ee|STAND|[36.3965, -28.2526, 0]|None connection WP|74bd29ee9d6b2c6daa7fe6399ddb933a|-4560134243150961697|246|[-687.205, 1545.91, 2764.13]|d82c7cbc 74bd29ee|STAND|[36.3965, -28.2526, 0]|None is itself
WP|10f9c49be2cb973f325a7260bc1c6684|4876871105145594994|249|[-3203.48, 1310.55, 1988.13]|10f9c49b|STAND|[29.3433, 43.3069, 0]|None connection WP|10f9c49be2cb973f325a7260bc1c6684|4876871105145594994|249|[-3203.48, 1310.55, 1988.13]|10f9c49b|STAND|[29.3433, 43.3069, 0]|None is itself
WP|10f9c49be2cb973f325a7260bc1c6684|8406880720613740031|249|[-3203.48, 1310.55, 1988.13]||STAND|[29.3433, 43.3069, 0]|None has no connections
Wrote 252 waypoints to S:\Call of Duty\CoD 6 (MW2)\userraw\scriptdata\waypoints\gulag_wp.csv
Loaded 113 (113) waypoints from S:\Call of Duty\CoD 6 (MW2)\userraw\scriptdata\waypoints\mp_4doffice_wp.csv
Wrote 113 waypoints to S:\Call of Duty\CoD 6 (MW2)\userraw\scriptdata\waypoints\mp_4doffice_wp.csv
Loaded 143 (143) waypoints from S:\Call of Duty\CoD 6 (MW2)\userraw\scriptdata\waypoints\mp_4hanoi_wp.csv
Wrote 143 waypoints to S:\Call of Duty\CoD 6 (MW2)\userraw\scriptdata\waypoints\mp_4hanoi_wp.csv
Loaded 387 (387) waypoints from S:\Call of Duty\CoD 6 (MW2)\userraw\scriptdata\waypoints\mp_abandon_wp.csv
Wrote 387 waypoints to S:\Call of Duty\CoD 6 (MW2)\userraw\scriptdata\waypoints\mp_abandon_wp.csv
Loaded 330 (330) waypoints from S:\Call of Duty\CoD 6 (MW2)\userraw\scriptdata\waypoints\mp_aerodrome_wp.csv
Wrote 330 waypoints to S:\Call of Duty\CoD 6 (MW2)\userraw\scriptdata\waypoints\mp_aerodrome_wp.csv
Loaded 292 (292) waypoints from S:\Call of Duty\CoD 6 (MW2)\userraw\scriptdata\waypoints\mp_afghan_wp.csv
Wrote 292 waypoints to S:\Call of Duty\CoD 6 (MW2)\userraw\scriptdata\waypoints\mp_afghan_wp.csv
Loaded 273 (273) waypoints from S:\Call of Duty\CoD 6 (MW2)\userraw\scriptdata\waypoints\mp_airfield_wp.csv
Wrote 273 waypoints to S:\Call of Duty\CoD 6 (MW2)\userraw\scriptdata\waypoints\mp_airfield_wp.csv
Loaded 238 (238) waypoints from S:\Call of Duty\CoD 6 (MW2)\userraw\scriptdata\waypoints\mp_airstrike_v1_wp.csv
Wrote 238 waypoints to S:\Call of Duty\CoD 6 (MW2)\userraw\scriptdata\waypoints\mp_airstrike_v1_wp.csv
Loaded 273 (273) waypoints from S:\Call of Duty\CoD 6 (MW2)\userraw\scriptdata\waypoints\mp_arrange_wp.csv
Wrote 273 waypoints to S:\Call of Duty\CoD 6 (MW2)\userraw\scriptdata\waypoints\mp_arrange_wp.csv
Loaded 230 (230) waypoints from S:\Call of Duty\CoD 6 (MW2)\userraw\scriptdata\waypoints\mp_asylum_wp.csv
Wrote 230 waypoints to S:\Call of Duty\CoD 6 (MW2)\userraw\scriptdata\waypoints\mp_asylum_wp.csv
Loaded 205 (205) waypoints from S:\Call of Duty\CoD 6 (MW2)\userraw\scriptdata\waypoints\mp_bacalao_wp.csv
Wrote 205 waypoints to S:\Call of Duty\CoD 6 (MW2)\userraw\scriptdata\waypoints\mp_bacalao_wp.csv
Loaded 178 (178) waypoints from S:\Call of Duty\CoD 6 (MW2)\userraw\scriptdata\waypoints\mp_backlot_snow_wp.csv
Wrote 178 waypoints to S:\Call of Duty\CoD 6 (MW2)\userraw\scriptdata\waypoints\mp_backlot_snow_wp.csv
Loaded 178 (178) waypoints from S:\Call of Duty\CoD 6 (MW2)\userraw\scriptdata\waypoints\mp_backlot_wp.csv
Wrote 178 waypoints to S:\Call of Duty\CoD 6 (MW2)\userraw\scriptdata\waypoints\mp_backlot_wp.csv
Loaded 171 (171) waypoints from S:\Call of Duty\CoD 6 (MW2)\userraw\scriptdata\waypoints\mp_bakaara_wp.csv
Wrote 171 waypoints to S:\Call of Duty\CoD 6 (MW2)\userraw\scriptdata\waypoints\mp_bakaara_wp.csv
Loaded 228 (228) waypoints from S:\Call of Duty\CoD 6 (MW2)\userraw\scriptdata\waypoints\mp_bgate_wp.csv
Wrote 228 waypoints to S:\Call of Duty\CoD 6 (MW2)\userraw\scriptdata\waypoints\mp_bgate_wp.csv
Loaded 464 (464) waypoints from S:\Call of Duty\CoD 6 (MW2)\userraw\scriptdata\waypoints\mp_bloc_sh_wp.csv
Wrote 464 waypoints to S:\Call of Duty\CoD 6 (MW2)\userraw\scriptdata\waypoints\mp_bloc_sh_wp.csv
Loaded 464 (464) waypoints from S:\Call of Duty\CoD 6 (MW2)\userraw\scriptdata\waypoints\mp_bloc_wp.csv
Wrote 464 waypoints to S:\Call of Duty\CoD 6 (MW2)\userraw\scriptdata\waypoints\mp_bloc_wp.csv
Loaded 568 (568) waypoints from S:\Call of Duty\CoD 6 (MW2)\userraw\scriptdata\waypoints\mp_bo2cargom_wp.csv
Wrote 568 waypoints to S:\Call of Duty\CoD 6 (MW2)\userraw\scriptdata\waypoints\mp_bo2cargom_wp.csv
Loaded 455 (455) waypoints from S:\Call of Duty\CoD 6 (MW2)\userraw\scriptdata\waypoints\mp_bo2cargo_wp.csv
Wrote 455 waypoints to S:\Call of Duty\CoD 6 (MW2)\userraw\scriptdata\waypoints\mp_bo2cargo_wp.csv
Loaded 299 (299) waypoints from S:\Call of Duty\CoD 6 (MW2)\userraw\scriptdata\waypoints\mp_bo2carrier_wp.csv
Wrote 299 waypoints to S:\Call of Duty\CoD 6 (MW2)\userraw\scriptdata\waypoints\mp_bo2carrier_wp.csv
Loaded 470 (470) waypoints from S:\Call of Duty\CoD 6 (MW2)\userraw\scriptdata\waypoints\mp_bo2drone_wp.csv
Wrote 470 waypoints to S:\Call of Duty\CoD 6 (MW2)\userraw\scriptdata\waypoints\mp_bo2drone_wp.csv
Loaded 243 (243) waypoints from S:\Call of Duty\CoD 6 (MW2)\userraw\scriptdata\waypoints\mp_bo2frost_wp.csv
Wrote 243 waypoints to S:\Call of Duty\CoD 6 (MW2)\userraw\scriptdata\waypoints\mp_bo2frost_wp.csv
Loaded 221 (221) waypoints from S:\Call of Duty\CoD 6 (MW2)\userraw\scriptdata\waypoints\mp_bo2grind_wp.csv
Wrote 221 waypoints to S:\Call of Duty\CoD 6 (MW2)\userraw\scriptdata\waypoints\mp_bo2grind_wp.csv
Loaded 259 (259) waypoints from S:\Call of Duty\CoD 6 (MW2)\userraw\scriptdata\waypoints\mp_bo2hydro_wp.csv
Wrote 259 waypoints to S:\Call of Duty\CoD 6 (MW2)\userraw\scriptdata\waypoints\mp_bo2hydro_wp.csv
Loaded 362 (362) waypoints from S:\Call of Duty\CoD 6 (MW2)\userraw\scriptdata\waypoints\mp_bo2meltdown2_wp.csv
Wrote 362 waypoints to S:\Call of Duty\CoD 6 (MW2)\userraw\scriptdata\waypoints\mp_bo2meltdown2_wp.csv
Loaded 353 (353) waypoints from S:\Call of Duty\CoD 6 (MW2)\userraw\scriptdata\waypoints\mp_bo2meltdown_wp.csv
Wrote 353 waypoints to S:\Call of Duty\CoD 6 (MW2)\userraw\scriptdata\waypoints\mp_bo2meltdown_wp.csv
Loaded 427 (427) waypoints from S:\Call of Duty\CoD 6 (MW2)\userraw\scriptdata\waypoints\mp_bo2mir_wp.csv
Wrote 427 waypoints to S:\Call of Duty\CoD 6 (MW2)\userraw\scriptdata\waypoints\mp_bo2mir_wp.csv
Loaded 198 (198) waypoints from S:\Call of Duty\CoD 6 (MW2)\userraw\scriptdata\waypoints\mp_bo2nuketown_wp.csv
Wrote 198 waypoints to S:\Call of Duty\CoD 6 (MW2)\userraw\scriptdata\waypoints\mp_bo2nuketown_wp.csv
Loaded 341 (341) waypoints from S:\Call of Duty\CoD 6 (MW2)\userraw\scriptdata\waypoints\mp_bo2overflow_wp.csv
Wrote 341 waypoints to S:\Call of Duty\CoD 6 (MW2)\userraw\scriptdata\waypoints\mp_bo2overflow_wp.csv
Loaded 227 (227) waypoints from S:\Call of Duty\CoD 6 (MW2)\userraw\scriptdata\waypoints\mp_bo2paintball_wp.csv
Wrote 227 waypoints to S:\Call of Duty\CoD 6 (MW2)\userraw\scriptdata\waypoints\mp_bo2paintball_wp.csv
Loaded 161 (161) waypoints from S:\Call of Duty\CoD 6 (MW2)\userraw\scriptdata\waypoints\mp_bo2plaza_wp.csv
Wrote 161 waypoints to S:\Call of Duty\CoD 6 (MW2)\userraw\scriptdata\waypoints\mp_bo2plaza_wp.csv
Loaded 314 (314) waypoints from S:\Call of Duty\CoD 6 (MW2)\userraw\scriptdata\waypoints\mp_bo2raid3_wp.csv
Wrote 314 waypoints to S:\Call of Duty\CoD 6 (MW2)\userraw\scriptdata\waypoints\mp_bo2raid3_wp.csv
Loaded 260 (260) waypoints from S:\Call of Duty\CoD 6 (MW2)\userraw\scriptdata\waypoints\mp_bo2raid_wp.csv
Wrote 260 waypoints to S:\Call of Duty\CoD 6 (MW2)\userraw\scriptdata\waypoints\mp_bo2raid_wp.csv
Loaded 246 (246) waypoints from S:\Call of Duty\CoD 6 (MW2)\userraw\scriptdata\waypoints\mp_bo2slums_wp.csv
Wrote 246 waypoints to S:\Call of Duty\CoD 6 (MW2)\userraw\scriptdata\waypoints\mp_bo2slums_wp.csv
Loaded 464 (464) waypoints from S:\Call of Duty\CoD 6 (MW2)\userraw\scriptdata\waypoints\mp_bo2standoff_ex_wp.csv
Wrote 464 waypoints to S:\Call of Duty\CoD 6 (MW2)\userraw\scriptdata\waypoints\mp_bo2standoff_ex_wp.csv
Loaded 363 (363) waypoints from S:\Call of Duty\CoD 6 (MW2)\userraw\scriptdata\waypoints\mp_bo2standoff_wp.csv
Wrote 363 waypoints to S:\Call of Duty\CoD 6 (MW2)\userraw\scriptdata\waypoints\mp_bo2standoff_wp.csv
Loaded 425 (425) waypoints from S:\Call of Duty\CoD 6 (MW2)\userraw\scriptdata\waypoints\mp_bo2turbine_wp.csv
Wrote 425 waypoints to S:\Call of Duty\CoD 6 (MW2)\userraw\scriptdata\waypoints\mp_bo2turbine_wp.csv
Loaded 364 (364) waypoints from S:\Call of Duty\CoD 6 (MW2)\userraw\scriptdata\waypoints\mp_bo2yemen_wp.csv
Wrote 364 waypoints to S:\Call of Duty\CoD 6 (MW2)\userraw\scriptdata\waypoints\mp_bo2yemen_wp.csv
Loaded 100 (100) waypoints from S:\Call of Duty\CoD 6 (MW2)\userraw\scriptdata\waypoints\mp_bo2_town_wp.csv
Wrote 100 waypoints to S:\Call of Duty\CoD 6 (MW2)\userraw\scriptdata\waypoints\mp_bo2_town_wp.csv
Loaded 210 (210) waypoints from S:\Call of Duty\CoD 6 (MW2)\userraw\scriptdata\waypoints\mp_bog_sh_wp.csv
Wrote 210 waypoints to S:\Call of Duty\CoD 6 (MW2)\userraw\scriptdata\waypoints\mp_bog_sh_wp.csv
Loaded 138 (138) waypoints from S:\Call of Duty\CoD 6 (MW2)\userraw\scriptdata\waypoints\mp_bog_wp.csv
Wrote 138 waypoints to S:\Call of Duty\CoD 6 (MW2)\userraw\scriptdata\waypoints\mp_bog_wp.csv
Loaded 238 (238) waypoints from S:\Call of Duty\CoD 6 (MW2)\userraw\scriptdata\waypoints\mp_boneyard_wp.csv
Wrote 238 waypoints to S:\Call of Duty\CoD 6 (MW2)\userraw\scriptdata\waypoints\mp_boneyard_wp.csv
Loaded 185 (185) waypoints from S:\Call of Duty\CoD 6 (MW2)\userraw\scriptdata\waypoints\mp_box_hjacked.gsc.csv
Wrote 185 waypoints to S:\Call of Duty\CoD 6 (MW2)\userraw\scriptdata\waypoints\mp_box_hjacked.gsc.csv
Loaded 185 (185) waypoints from S:\Call of Duty\CoD 6 (MW2)\userraw\scriptdata\waypoints\mp_box_hjacked_waypoints_2.gsc.csv
Wrote 185 waypoints to S:\Call of Duty\CoD 6 (MW2)\userraw\scriptdata\waypoints\mp_box_hjacked_waypoints_2.gsc.csv
Loaded 649 (649) waypoints from S:\Call of Duty\CoD 6 (MW2)\userraw\scriptdata\waypoints\mp_box_hjacked_wp.csv
Wrote 649 waypoints to S:\Call of Duty\CoD 6 (MW2)\userraw\scriptdata\waypoints\mp_box_hjacked_wp.csv
Loaded 324 (324) waypoints from S:\Call of Duty\CoD 6 (MW2)\userraw\scriptdata\waypoints\mp_brecourt_wp.csv
WP|facac4630b42291ad72b8a9fb7f7a985|-2023072726996489099|323|[929.592, 316.17, 56.2673]||JAVELIN|[4.97009, 26.0046, 0]|[2941.1, 1284.8, -74.9946] has no connections
Wrote 324 waypoints to S:\Call of Duty\CoD 6 (MW2)\userraw\scriptdata\waypoints\mp_brecourt_wp.csv
Loaded 287 (287) waypoints from S:\Call of Duty\CoD 6 (MW2)\userraw\scriptdata\waypoints\mp_broadcast_wp.csv
Wrote 287 waypoints to S:\Call of Duty\CoD 6 (MW2)\userraw\scriptdata\waypoints\mp_broadcast_wp.csv
Loaded 285 (285) waypoints from S:\Call of Duty\CoD 6 (MW2)\userraw\scriptdata\waypoints\mp_carentan_wp.csv
Wrote 285 waypoints to S:\Call of Duty\CoD 6 (MW2)\userraw\scriptdata\waypoints\mp_carentan_wp.csv
Loaded 329 (329) waypoints from S:\Call of Duty\CoD 6 (MW2)\userraw\scriptdata\waypoints\mp_cargoship_wp.csv
WP|8ea2290912534ea9a3f35900764493a3|-892183424819615669|272|[-792.257, 118.071, 16.0281]||STAND|[20.5927, -162.808, 0]|None has no connections
Wrote 329 waypoints to S:\Call of Duty\CoD 6 (MW2)\userraw\scriptdata\waypoints\mp_cargoship_wp.csv
Loaded 255 (255) waypoints from S:\Call of Duty\CoD 6 (MW2)\userraw\scriptdata\waypoints\mp_castle_v1_wp.csv
Wrote 255 waypoints to S:\Call of Duty\CoD 6 (MW2)\userraw\scriptdata\waypoints\mp_castle_v1_wp.csv
Loaded 255 (255) waypoints from S:\Call of Duty\CoD 6 (MW2)\userraw\scriptdata\waypoints\mp_castle_wp.csv
Wrote 255 waypoints to S:\Call of Duty\CoD 6 (MW2)\userraw\scriptdata\waypoints\mp_castle_wp.csv
Loaded 561 (561) waypoints from S:\Call of Duty\CoD 6 (MW2)\userraw\scriptdata\waypoints\mp_checkpoint_wp.csv
Wrote 561 waypoints to S:\Call of Duty\CoD 6 (MW2)\userraw\scriptdata\waypoints\mp_checkpoint_wp.csv
Loaded 206 (206) waypoints from S:\Call of Duty\CoD 6 (MW2)\userraw\scriptdata\waypoints\mp_citystreets_wp.csv
Wrote 206 waypoints to S:\Call of Duty\CoD 6 (MW2)\userraw\scriptdata\waypoints\mp_citystreets_wp.csv
Loaded 144 (144) waypoints from S:\Call of Duty\CoD 6 (MW2)\userraw\scriptdata\waypoints\mp_cod4_assault_wp.csv
Wrote 144 waypoints to S:\Call of Duty\CoD 6 (MW2)\userraw\scriptdata\waypoints\mp_cod4_assault_wp.csv
Loaded 333 (333) waypoints from S:\Call of Duty\CoD 6 (MW2)\userraw\scriptdata\waypoints\mp_compact_wp.csv
Wrote 333 waypoints to S:\Call of Duty\CoD 6 (MW2)\userraw\scriptdata\waypoints\mp_compact_wp.csv
Loaded 360 (360) waypoints from S:\Call of Duty\CoD 6 (MW2)\userraw\scriptdata\waypoints\mp_complex_wp.csv
Wrote 360 waypoints to S:\Call of Duty\CoD 6 (MW2)\userraw\scriptdata\waypoints\mp_complex_wp.csv
Loaded 92 (92) waypoints from S:\Call of Duty\CoD 6 (MW2)\userraw\scriptdata\waypoints\mp_construction_wp.csv
Wrote 92 waypoints to S:\Call of Duty\CoD 6 (MW2)\userraw\scriptdata\waypoints\mp_construction_wp.csv
Loaded 197 (197) waypoints from S:\Call of Duty\CoD 6 (MW2)\userraw\scriptdata\waypoints\mp_countdown_wp.csv
Wrote 197 waypoints to S:\Call of Duty\CoD 6 (MW2)\userraw\scriptdata\waypoints\mp_countdown_wp.csv
Loaded 189 (189) waypoints from S:\Call of Duty\CoD 6 (MW2)\userraw\scriptdata\waypoints\mp_courtyard_wp.csv
Wrote 189 waypoints to S:\Call of Duty\CoD 6 (MW2)\userraw\scriptdata\waypoints\mp_courtyard_wp.csv
Loaded 316 (316) waypoints from S:\Call of Duty\CoD 6 (MW2)\userraw\scriptdata\waypoints\mp_crash_snow_wp.csv
Wrote 316 waypoints to S:\Call of Duty\CoD 6 (MW2)\userraw\scriptdata\waypoints\mp_crash_snow_wp.csv
Loaded 316 (316) waypoints from S:\Call of Duty\CoD 6 (MW2)\userraw\scriptdata\waypoints\mp_crash_tropical.csv
Wrote 316 waypoints to S:\Call of Duty\CoD 6 (MW2)\userraw\scriptdata\waypoints\mp_crash_tropical.csv
Loaded 316 (316) waypoints from S:\Call of Duty\CoD 6 (MW2)\userraw\scriptdata\waypoints\mp_crash_wp.csv
Wrote 316 waypoints to S:\Call of Duty\CoD 6 (MW2)\userraw\scriptdata\waypoints\mp_crash_wp.csv
Loaded 307 (307) waypoints from S:\Call of Duty\CoD 6 (MW2)\userraw\scriptdata\waypoints\mp_creek_wp.csv
Wrote 307 waypoints to S:\Call of Duty\CoD 6 (MW2)\userraw\scriptdata\waypoints\mp_creek_wp.csv
Loaded 444 (444) waypoints from S:\Call of Duty\CoD 6 (MW2)\userraw\scriptdata\waypoints\mp_cross_fire_wp.csv
Wrote 444 waypoints to S:\Call of Duty\CoD 6 (MW2)\userraw\scriptdata\waypoints\mp_cross_fire_wp.csv
Loaded 233 (233) waypoints from S:\Call of Duty\CoD 6 (MW2)\userraw\scriptdata\waypoints\mp_ctan_wp.csv
Wrote 233 waypoints to S:\Call of Duty\CoD 6 (MW2)\userraw\scriptdata\waypoints\mp_ctan_wp.csv
Loaded 511 (511) waypoints from S:\Call of Duty\CoD 6 (MW2)\userraw\scriptdata\waypoints\mp_derail_wp.csv
Wrote 511 waypoints to S:\Call of Duty\CoD 6 (MW2)\userraw\scriptdata\waypoints\mp_derail_wp.csv
Loaded 702 (702) waypoints from S:\Call of Duty\CoD 6 (MW2)\userraw\scriptdata\waypoints\mp_desertglory_wp.csv
Wrote 702 waypoints to S:\Call of Duty\CoD 6 (MW2)\userraw\scriptdata\waypoints\mp_desertglory_wp.csv
Loaded 173 (173) waypoints from S:\Call of Duty\CoD 6 (MW2)\userraw\scriptdata\waypoints\mp_docks_wp.csv
Wrote 173 waypoints to S:\Call of Duty\CoD 6 (MW2)\userraw\scriptdata\waypoints\mp_docks_wp.csv
Loaded 137 (137) waypoints from S:\Call of Duty\CoD 6 (MW2)\userraw\scriptdata\waypoints\mp_dome_waypoints_2.gsc.csv
Wrote 137 waypoints to S:\Call of Duty\CoD 6 (MW2)\userraw\scriptdata\waypoints\mp_dome_waypoints_2.gsc.csv
Loaded 172 (172) waypoints from S:\Call of Duty\CoD 6 (MW2)\userraw\scriptdata\waypoints\mp_dome_wp.csv
Wrote 172 waypoints to S:\Call of Duty\CoD 6 (MW2)\userraw\scriptdata\waypoints\mp_dome_wp.csv
Loaded 305 (305) waypoints from S:\Call of Duty\CoD 6 (MW2)\userraw\scriptdata\waypoints\mp_downfall_wp.csv
Wrote 305 waypoints to S:\Call of Duty\CoD 6 (MW2)\userraw\scriptdata\waypoints\mp_downfall_wp.csv
Loaded 149 (149) waypoints from S:\Call of Duty\CoD 6 (MW2)\userraw\scriptdata\waypoints\mp_drum_wp.csv
Wrote 149 waypoints to S:\Call of Duty\CoD 6 (MW2)\userraw\scriptdata\waypoints\mp_drum_wp.csv
Loaded 97 (97) waypoints from S:\Call of Duty\CoD 6 (MW2)\userraw\scriptdata\waypoints\mp_dust2_wp.csv
Wrote 97 waypoints to S:\Call of Duty\CoD 6 (MW2)\userraw\scriptdata\waypoints\mp_dust2_wp.csv
Loaded 206 (206) waypoints from S:\Call of Duty\CoD 6 (MW2)\userraw\scriptdata\waypoints\mp_dustcod4_wp.csv
Wrote 206 waypoints to S:\Call of Duty\CoD 6 (MW2)\userraw\scriptdata\waypoints\mp_dustcod4_wp.csv
Loaded 447 (447) waypoints from S:\Call of Duty\CoD 6 (MW2)\userraw\scriptdata\waypoints\mp_estate_tropical_wp.csv
Wrote 447 waypoints to S:\Call of Duty\CoD 6 (MW2)\userraw\scriptdata\waypoints\mp_estate_tropical_wp.csv
Loaded 447 (447) waypoints from S:\Call of Duty\CoD 6 (MW2)\userraw\scriptdata\waypoints\mp_estate_wp.csv
Wrote 447 waypoints to S:\Call of Duty\CoD 6 (MW2)\userraw\scriptdata\waypoints\mp_estate_wp.csv
Loaded 293 (293) waypoints from S:\Call of Duty\CoD 6 (MW2)\userraw\scriptdata\waypoints\mp_fallen_n_wp.csv
Wrote 293 waypoints to S:\Call of Duty\CoD 6 (MW2)\userraw\scriptdata\waypoints\mp_fallen_n_wp.csv
Loaded 293 (293) waypoints from S:\Call of Duty\CoD 6 (MW2)\userraw\scriptdata\waypoints\mp_fallen_wp.csv
Wrote 293 waypoints to S:\Call of Duty\CoD 6 (MW2)\userraw\scriptdata\waypoints\mp_fallen_wp.csv
Loaded 302 (302) waypoints from S:\Call of Duty\CoD 6 (MW2)\userraw\scriptdata\waypoints\mp_favela_wp.csv
Wrote 302 waypoints to S:\Call of Duty\CoD 6 (MW2)\userraw\scriptdata\waypoints\mp_favela_wp.csv
Loaded 302 (302) waypoints from S:\Call of Duty\CoD 6 (MW2)\userraw\scriptdata\waypoints\mp_fav_tropical_wp.csv
Wrote 302 waypoints to S:\Call of Duty\CoD 6 (MW2)\userraw\scriptdata\waypoints\mp_fav_tropical_wp.csv
Loaded 235 (235) waypoints from S:\Call of Duty\CoD 6 (MW2)\userraw\scriptdata\waypoints\mp_fav_wp.csv
Wrote 235 waypoints to S:\Call of Duty\CoD 6 (MW2)\userraw\scriptdata\waypoints\mp_fav_wp.csv
Loaded 122 (122) waypoints from S:\Call of Duty\CoD 6 (MW2)\userraw\scriptdata\waypoints\mp_firingrange_v2_wp.csv
Wrote 122 waypoints to S:\Call of Duty\CoD 6 (MW2)\userraw\scriptdata\waypoints\mp_firingrange_v2_wp.csv
Loaded 249 (249) waypoints from S:\Call of Duty\CoD 6 (MW2)\userraw\scriptdata\waypoints\mp_firingrange_wp.csv
Wrote 249 waypoints to S:\Call of Duty\CoD 6 (MW2)\userraw\scriptdata\waypoints\mp_firingrange_wp.csv
Loaded 175 (175) waypoints from S:\Call of Duty\CoD 6 (MW2)\userraw\scriptdata\waypoints\mp_forest2_wp.csv
Wrote 175 waypoints to S:\Call of Duty\CoD 6 (MW2)\userraw\scriptdata\waypoints\mp_forest2_wp.csv
Loaded 622 (622) waypoints from S:\Call of Duty\CoD 6 (MW2)\userraw\scriptdata\waypoints\mp_fuel2_wp.csv
Wrote 622 waypoints to S:\Call of Duty\CoD 6 (MW2)\userraw\scriptdata\waypoints\mp_fuel2_wp.csv
Loaded 95 (95) waypoints from S:\Call of Duty\CoD 6 (MW2)\userraw\scriptdata\waypoints\mp_gob_aim_v2_wp.csv
Wrote 95 waypoints to S:\Call of Duty\CoD 6 (MW2)\userraw\scriptdata\waypoints\mp_gob_aim_v2_wp.csv
Loaded 212 (212) waypoints from S:\Call of Duty\CoD 6 (MW2)\userraw\scriptdata\waypoints\mp_hangareturn_wp.csv
Wrote 212 waypoints to S:\Call of Duty\CoD 6 (MW2)\userraw\scriptdata\waypoints\mp_hangareturn_wp.csv
Loaded 221 (221) waypoints from S:\Call of Duty\CoD 6 (MW2)\userraw\scriptdata\waypoints\mp_hangar_wp.csv
Wrote 221 waypoints to S:\Call of Duty\CoD 6 (MW2)\userraw\scriptdata\waypoints\mp_hangar_wp.csv
Loaded 126 (126) waypoints from S:\Call of Duty\CoD 6 (MW2)\userraw\scriptdata\waypoints\mp_hardhat_waypoints_2.gsc.csv
Wrote 126 waypoints to S:\Call of Duty\CoD 6 (MW2)\userraw\scriptdata\waypoints\mp_hardhat_waypoints_2.gsc.csv
Loaded 285 (285) waypoints from S:\Call of Duty\CoD 6 (MW2)\userraw\scriptdata\waypoints\mp_hardhat_wp.csv
Wrote 285 waypoints to S:\Call of Duty\CoD 6 (MW2)\userraw\scriptdata\waypoints\mp_hardhat_wp.csv
Loaded 422 (422) waypoints from S:\Call of Duty\CoD 6 (MW2)\userraw\scriptdata\waypoints\mp_highrise_wp.csv
Wrote 422 waypoints to S:\Call of Duty\CoD 6 (MW2)\userraw\scriptdata\waypoints\mp_highrise_wp.csv
Loaded 603 (603) waypoints from S:\Call of Duty\CoD 6 (MW2)\userraw\scriptdata\waypoints\mp_invasion_wp.csv
Wrote 603 waypoints to S:\Call of Duty\CoD 6 (MW2)\userraw\scriptdata\waypoints\mp_invasion_wp.csv
Loaded 245 (245) waypoints from S:\Call of Duty\CoD 6 (MW2)\userraw\scriptdata\waypoints\mp_inv_wp.csv
Wrote 245 waypoints to S:\Call of Duty\CoD 6 (MW2)\userraw\scriptdata\waypoints\mp_inv_wp.csv
Loaded 499 (499) waypoints from S:\Call of Duty\CoD 6 (MW2)\userraw\scriptdata\waypoints\mp_jarak_wp.csv
Wrote 499 waypoints to S:\Call of Duty\CoD 6 (MW2)\userraw\scriptdata\waypoints\mp_jarak_wp.csv
Loaded 181 (181) waypoints from S:\Call of Duty\CoD 6 (MW2)\userraw\scriptdata\waypoints\mp_killhouse_wp.csv
Wrote 181 waypoints to S:\Call of Duty\CoD 6 (MW2)\userraw\scriptdata\waypoints\mp_killhouse_wp.csv
Loaded 237 (237) waypoints from S:\Call of Duty\CoD 6 (MW2)\userraw\scriptdata\waypoints\mp_kneedeep_wp.csv
WP|1578b35631d27f6b24a4f4f415945608|7040585211854072103|1|[1511.11, 1389.76, 76.7057]||STAND|None|None has no connections
WP|686faa4f32fe701193d41ecd12a33a0f|6958754968654672610|3|[-187.344, 292.177, 117.617]||STAND|None|None has no connections
WP|3fa60dfbde20c7d9215b16f143c84482|-6011154611774269316|4|[-989.222, -422.256, 96.125]||STAND|None|None has no connections
WP|f13d6c1db633c021d8241091e8893556|571327846208893026|5|[-1940.5, 18.8028, 101.625]||STAND|None|None has no connections
WP|3f26ca16217c681705db670bad0d7f8a|982450718869692|6|[-2427.06, -28.9444, 112.483]||STAND|None|None has no connections
WP|5691b2c6b08af011abf1a80b6c5eb69c|29560593854503093|7|[-2412.1, 213.751, 112.973]||STAND|None|None has no connections
WP|60f4cee985fbb9a85966a8758d36acae|-1025077681410379948|8|[-112.668, 1206.93, 125.181]||STAND|None|None has no connections
WP|04a297094862b4a16432c9e8eb299534|5703057974804149791|10|[2587.19, 1414.36, 96.1943]||STAND|None|None has no connections
WP|8af6d549d16a8ad2b4916be125da3c79|-5037875463560290260|11|[2583.1, 1350.32, 98.312]||STAND|None|None has no connections
WP|f8e5b2036fe9b7de07602ab167e3b88f|-7179170849465547499|12|[2739.45, 1145.57, 110.538]||STAND|None|None has no connections
WP|1ff3f59d9f94fb7f75d601007f9dadd1|5461443698762980030|13|[2429.25, 823.664, 136.125]||STAND|None|None has no connections
WP|6a1941c7eb959a4c9f10ee634a376b9e|-2712088851770306247|14|[2204.55, 758.729, 136.125]||STAND|None|None has no connections
WP|67f641756e46030c43572953276b0290|-1464978634557046165|15|[467.523, 533.567, 58.625]||STAND|None|None has no connections
WP|a245d6e649383a810b9b7256561ddb71|6657627276063306782|22|[345.2, 1362.66, 95.6599]||STAND|None|None has no connections
WP|8882c75daa0f88b0384d9dfb69c678b2|-962522178204882555|23|[-628.641, -499.418, 91.5169]||STAND|None|None has no connections
WP|f97420a32e66e134c2af93937e5cc0da|-8012860135787604344|24|[-833.923, 88.6789, 105.722]||STAND|None|None has no connections
WP|d6cc42df4c0088fa93e0b6536f84c7eb|-8528658773808069745|25|[-1875.54, 571.118, 103.664]||STAND|None|None has no connections
WP|ed7ff618013f05c85c29b42c5c1f3cb7|-4127434871155657617|26|[-1874.97, 916.689, 171.362]||STAND|None|None has no connections
WP|f23e3ba38e36170f0b26b0d101be9d94|-1897703674388408733|27|[-28.2232, 838.655, 127.715]||STAND|None|None has no connections
WP|91674d4de6a4fd679b3635d1639491d3|-3814513880652060480|28|[1916.35, 2267.49, 44.8197]||STAND|None|None has no connections
WP|1090a43a1576c525d2c162287e0e1670|2808922412150386893|38|[-1771.08, -155.778, 96.0882]||STAND|None|None has no connections
WP|7cf87dbe9d95e733a93769f96ea1f6d2|-1453680121986038152|39|[-1535.4, 1416.42, 63.125]||STAND|None|None has no connections
WP|1d8457e51507d0fcdd1e3dfded93849f|7584651014495110367|40|[-1236.15, 1364.41, 59.9431]||STAND|None|None has no connections
WP|009d2096e30b87e8958094f4f4a2b92f|4911737566215013034|41|[-727.083, -120.504, 100.054]||STAND|None|None has no connections
WP|e3dd8d9047b35ab8c44346d2efa42423|5423899407488727741|42|[-815.092, 210.581, 101.189]||STAND|None|None has no connections
WP|220ca6b75b1a04ec2294b2322da6d656|-4078445981380854254|43|[-1662.11, 558.824, 97.2758]||STAND|None|None has no connections
WP|f09524035fcb248bb495b68b37cf34f5|6611027690255677695|44|[1171.11, 1342.76, 93.2755]||STAND|None|None has no connections
WP|659e45c043662de4ae87fb129a0268f7|-7985926732167490375|45|[2034.11, 1476.76, 93.092]||STAND|None|None has no connections
WP|0720bb6d5b39ab7f51f524add6ee2f5b|1380043463072109225|46|[2850.73, 523.161, 19.717]||STAND|None|None has no connections
WP|ce3f0c23cb8a60d22b41999f64efecc5|-1241213803555477141|47|[436.269, 1495.83, 74.0112]||STAND|None|None has no connections
WP|f45fd8be1f26032fe7e49782aa4c3a9d|2914097825196418379|54|[-296.114, 1510.78, 76.125]||STAND|None|None has no connections
WP|4fbf6372ce0bbfa7514da86ed8e2fe89|8859818550808856659|55|[-488.997, 1591.79, 57.198]||STAND|None|None has no connections
WP|7c96235ee507406a2829e13609d12986|-4479753007800974302|56|[-382.085, 2090.39, 49.3932]||STAND|None|None has no connections
WP|4fde472ba47009cd55255cf786ee7daf|-3391570612046583808|57|[-811.719, 1288.1, 54.1309]||STAND|None|None has no connections
WP|e74550910393a6ced92baf14effcbe1c|-2942246742667004329|58|[-1993.98, 343.756, 101.434]||STAND|None|None has no connections
WP|9a5cebe92497809ff99cd9c31231d1c4|-8803221779103536650|59|[-2235.38, 115.681, 118.399]||STAND|None|None has no connections
WP|ecf0be30b54535096440a84e6c969d08|-5807792927797201478|60|[-1758.56, -212.563, 141.125]||STAND|None|None has no connections
WP|600c2a94079fb053fdd880c5ede9ac2f|1591108154421028474|61|[-1719.56, 29.2842, 97.9442]||STAND|None|None has no connections
WP|4298898e3fde572e3d837139256c7fb2|5511840414075146186|62|[-1592.57, 1355.33, 63.125]||STAND|None|None has no connections
WP|7a6e2f3d7f77352e158ea2d91f9c633a|-5437516671341407346|66|[171.056, 1413.46, 121.185]||STAND|None|None has no connections
WP|4650e26d78e67606bcfa896a2a7488c2|-2487126173606062035|67|[402.352, 2189.3, 23.125]||STAND|None|None has no connections
WP|e280d26ea300adb4e2a3a80c4b826011|5674543572842127268|69|[-1430.13, 1461.8, 63.125]||STAND|None|None has no connections
WP|5e8ecd757c50338f0a27fb84248b203d|-3209964510370899799|70|[-698.12, -34.2358, 106.991]||STAND|None|None has no connections
WP|1423b51cd67eb0a0df854c5beb11b341|-7158062551918616621|71|[-514.078, 368.307, 113.101]||STAND|None|None has no connections
WP|790e4f5c9fd8326e0e54895b4cc9fc14|-6886130028810103412|72|[1001.87, 2486.01, 60.6561]||STAND|None|None has no connections
WP|37c10b3564cddbeb1ad6ba7ff6398ff4|-4984743106921521810|73|[1290.47, 2175.71, 81.2391]||STAND|None|None has no connections
WP|4141cce1ba39ba2bf4d06827601e4618|-2492669160697812497|74|[1443.37, 1713.95, 19.4844]||STAND|None|None has no connections
Wrote 237 waypoints to S:\Call of Duty\CoD 6 (MW2)\userraw\scriptdata\waypoints\mp_kneedeep_wp.csv
Loaded 175 (175) waypoints from S:\Call of Duty\CoD 6 (MW2)\userraw\scriptdata\waypoints\mp_kwai_wp.csv
Wrote 175 waypoints to S:\Call of Duty\CoD 6 (MW2)\userraw\scriptdata\waypoints\mp_kwai_wp.csv
Loaded 107 (107) waypoints from S:\Call of Duty\CoD 6 (MW2)\userraw\scriptdata\waypoints\mp_legoland_wp.csv
WP|2f6873885733fe1abaf70777f8d31c66|-1540289901324551262|3|[-359, -251, 2.125]||STAND|None|None has no connections
Wrote 107 waypoints to S:\Call of Duty\CoD 6 (MW2)\userraw\scriptdata\waypoints\mp_legoland_wp.csv
Loaded 185 (185) waypoints from S:\Call of Duty\CoD 6 (MW2)\userraw\scriptdata\waypoints\mp_makin_day_wp.csv
Wrote 185 waypoints to S:\Call of Duty\CoD 6 (MW2)\userraw\scriptdata\waypoints\mp_makin_day_wp.csv
Loaded 167 (167) waypoints from S:\Call of Duty\CoD 6 (MW2)\userraw\scriptdata\waypoints\mp_makin_wp.csv
Wrote 167 waypoints to S:\Call of Duty\CoD 6 (MW2)\userraw\scriptdata\waypoints\mp_makin_wp.csv
Loaded 88 (88) waypoints from S:\Call of Duty\CoD 6 (MW2)\userraw\scriptdata\waypoints\mp_mansion_wp.csv
Wrote 88 waypoints to S:\Call of Duty\CoD 6 (MW2)\userraw\scriptdata\waypoints\mp_mansion_wp.csv
Loaded 163 (163) waypoints from S:\Call of Duty\CoD 6 (MW2)\userraw\scriptdata\waypoints\mp_microsim_wp.csv
Wrote 163 waypoints to S:\Call of Duty\CoD 6 (MW2)\userraw\scriptdata\waypoints\mp_microsim_wp.csv
Loaded 90 (90) waypoints from S:\Call of Duty\CoD 6 (MW2)\userraw\scriptdata\waypoints\mp_modern_rust_waypoints_2.gsc.csv
Wrote 90 waypoints to S:\Call of Duty\CoD 6 (MW2)\userraw\scriptdata\waypoints\mp_modern_rust_waypoints_2.gsc.csv
Loaded 126 (126) waypoints from S:\Call of Duty\CoD 6 (MW2)\userraw\scriptdata\waypoints\mp_modern_rust_wp.csv
Wrote 126 waypoints to S:\Call of Duty\CoD 6 (MW2)\userraw\scriptdata\waypoints\mp_modern_rust_wp.csv
Loaded 222 (222) waypoints from S:\Call of Duty\CoD 6 (MW2)\userraw\scriptdata\waypoints\mp_mw2_term_wp.csv
Wrote 222 waypoints to S:\Call of Duty\CoD 6 (MW2)\userraw\scriptdata\waypoints\mp_mw2_term_wp.csv
Loaded 209 (209) waypoints from S:\Call of Duty\CoD 6 (MW2)\userraw\scriptdata\waypoints\mp_nachtfeuer_wp.csv
Wrote 209 waypoints to S:\Call of Duty\CoD 6 (MW2)\userraw\scriptdata\waypoints\mp_nachtfeuer_wp.csv
Loaded 283 (283) waypoints from S:\Call of Duty\CoD 6 (MW2)\userraw\scriptdata\waypoints\mp_nightshift_wp.csv
Wrote 283 waypoints to S:\Call of Duty\CoD 6 (MW2)\userraw\scriptdata\waypoints\mp_nightshift_wp.csv
Loaded 222 (222) waypoints from S:\Call of Duty\CoD 6 (MW2)\userraw\scriptdata\waypoints\mp_ntown_wp.csv
Wrote 222 waypoints to S:\Call of Duty\CoD 6 (MW2)\userraw\scriptdata\waypoints\mp_ntown_wp.csv
Loaded 238 (238) waypoints from S:\Call of Duty\CoD 6 (MW2)\userraw\scriptdata\waypoints\mp_nuked_wp.csv
WP|885c48dda2c5231bb852912073f7a66c|-7150010658792589602|100|[917.632, 467.732, -20.875]||CROUCH|[9.61853, 173.372, 0]|None has no connections
WP|010321d1e4d204d928afebd1e3c4f9d3|1157354208968769615|102|[864.12, 405.9, -20.375]||CROUCH|[13.9197, -34.9125, 0]|None has no connections
WP|c99b7744d0c461d7f2b9d9c714fddf9a|-7944655802457727334|127|[909.096, 384.845, -22.875]||CLAYMORE|[2.64099, -38.7467, 0]|None has no connections
Wrote 238 waypoints to S:\Call of Duty\CoD 6 (MW2)\userraw\scriptdata\waypoints\mp_nuked_wp.csv
Loaded 148 (148) waypoints from S:\Call of Duty\CoD 6 (MW2)\userraw\scriptdata\waypoints\mp_nuketown_wp.csv
Wrote 148 waypoints to S:\Call of Duty\CoD 6 (MW2)\userraw\scriptdata\waypoints\mp_nuketown_wp.csv
Loaded 455 (455) waypoints from S:\Call of Duty\CoD 6 (MW2)\userraw\scriptdata\waypoints\mp_osg_cargo_wp.csv
Wrote 455 waypoints to S:\Call of Duty\CoD 6 (MW2)\userraw\scriptdata\waypoints\mp_osg_cargo_wp.csv
Loaded 236 (236) waypoints from S:\Call of Duty\CoD 6 (MW2)\userraw\scriptdata\waypoints\mp_osg_hijacked_waypoints_2.gsc.csv
Wrote 236 waypoints to S:\Call of Duty\CoD 6 (MW2)\userraw\scriptdata\waypoints\mp_osg_hijacked_waypoints_2.gsc.csv
Loaded 653 (653) waypoints from S:\Call of Duty\CoD 6 (MW2)\userraw\scriptdata\waypoints\mp_osg_hijacked_wp.csv
Wrote 653 waypoints to S:\Call of Duty\CoD 6 (MW2)\userraw\scriptdata\waypoints\mp_osg_hijacked_wp.csv
Loaded 259 (259) waypoints from S:\Call of Duty\CoD 6 (MW2)\userraw\scriptdata\waypoints\mp_oukhta_wp.csv
Wrote 259 waypoints to S:\Call of Duty\CoD 6 (MW2)\userraw\scriptdata\waypoints\mp_oukhta_wp.csv
Loaded 385 (385) waypoints from S:\Call of Duty\CoD 6 (MW2)\userraw\scriptdata\waypoints\mp_outskirts_wp.csv
Wrote 385 waypoints to S:\Call of Duty\CoD 6 (MW2)\userraw\scriptdata\waypoints\mp_outskirts_wp.csv
Loaded 558 (558) waypoints from S:\Call of Duty\CoD 6 (MW2)\userraw\scriptdata\waypoints\mp_overgrown_wp.csv
Wrote 558 waypoints to S:\Call of Duty\CoD 6 (MW2)\userraw\scriptdata\waypoints\mp_overgrown_wp.csv
Loaded 224 (224) waypoints from S:\Call of Duty\CoD 6 (MW2)\userraw\scriptdata\waypoints\mp_pow_rld_wp.csv
Wrote 224 waypoints to S:\Call of Duty\CoD 6 (MW2)\userraw\scriptdata\waypoints\mp_pow_rld_wp.csv
Loaded 521 (521) waypoints from S:\Call of Duty\CoD 6 (MW2)\userraw\scriptdata\waypoints\mp_quarry_wp.csv
Wrote 521 waypoints to S:\Call of Duty\CoD 6 (MW2)\userraw\scriptdata\waypoints\mp_quarry_wp.csv
Loaded 319 (319) waypoints from S:\Call of Duty\CoD 6 (MW2)\userraw\scriptdata\waypoints\mp_rasalem_wp.csv
Wrote 319 waypoints to S:\Call of Duty\CoD 6 (MW2)\userraw\scriptdata\waypoints\mp_rasalem_wp.csv
Loaded 316 (316) waypoints from S:\Call of Duty\CoD 6 (MW2)\userraw\scriptdata\waypoints\mp_roundhouse_wp.csv
Wrote 316 waypoints to S:\Call of Duty\CoD 6 (MW2)\userraw\scriptdata\waypoints\mp_roundhouse_wp.csv
Loaded 440 (440) waypoints from S:\Call of Duty\CoD 6 (MW2)\userraw\scriptdata\waypoints\mp_rundown_wp.csv
Wrote 440 waypoints to S:\Call of Duty\CoD 6 (MW2)\userraw\scriptdata\waypoints\mp_rundown_wp.csv
Loaded 180 (180) waypoints from S:\Call of Duty\CoD 6 (MW2)\userraw\scriptdata\waypoints\mp_rust_long_wp.csv
Wrote 180 waypoints to S:\Call of Duty\CoD 6 (MW2)\userraw\scriptdata\waypoints\mp_rust_long_wp.csv
Loaded 192 (192) waypoints from S:\Call of Duty\CoD 6 (MW2)\userraw\scriptdata\waypoints\mp_rust_wp.csv
Wrote 192 waypoints to S:\Call of Duty\CoD 6 (MW2)\userraw\scriptdata\waypoints\mp_rust_wp.csv
Loaded 284 (284) waypoints from S:\Call of Duty\CoD 6 (MW2)\userraw\scriptdata\waypoints\mp_seatown_wp.csv
Wrote 284 waypoints to S:\Call of Duty\CoD 6 (MW2)\userraw\scriptdata\waypoints\mp_seatown_wp.csv
Loaded 374 (374) waypoints from S:\Call of Duty\CoD 6 (MW2)\userraw\scriptdata\waypoints\mp_seelow_wp.csv
Wrote 374 waypoints to S:\Call of Duty\CoD 6 (MW2)\userraw\scriptdata\waypoints\mp_seelow_wp.csv
Loaded 217 (217) waypoints from S:\Call of Duty\CoD 6 (MW2)\userraw\scriptdata\waypoints\mp_shipment_island_wp.csv
Wrote 217 waypoints to S:\Call of Duty\CoD 6 (MW2)\userraw\scriptdata\waypoints\mp_shipment_island_wp.csv
Loaded 122 (122) waypoints from S:\Call of Duty\CoD 6 (MW2)\userraw\scriptdata\waypoints\mp_shipment_long_wp.csv
Wrote 122 waypoints to S:\Call of Duty\CoD 6 (MW2)\userraw\scriptdata\waypoints\mp_shipment_long_wp.csv
Loaded 78 (78) waypoints from S:\Call of Duty\CoD 6 (MW2)\userraw\scriptdata\waypoints\mp_shipment_wp.csv
Wrote 78 waypoints to S:\Call of Duty\CoD 6 (MW2)\userraw\scriptdata\waypoints\mp_shipment_wp.csv
Loaded 115 (115) waypoints from S:\Call of Duty\CoD 6 (MW2)\userraw\scriptdata\waypoints\mp_showdown_wp.csv
Wrote 115 waypoints to S:\Call of Duty\CoD 6 (MW2)\userraw\scriptdata\waypoints\mp_showdown_wp.csv
Loaded 190 (190) waypoints from S:\Call of Duty\CoD 6 (MW2)\userraw\scriptdata\waypoints\mp_shrine_wp.csv
Wrote 190 waypoints to S:\Call of Duty\CoD 6 (MW2)\userraw\scriptdata\waypoints\mp_shrine_wp.csv
Loaded 220 (220) waypoints from S:\Call of Duty\CoD 6 (MW2)\userraw\scriptdata\waypoints\mp_stalingrad_wp.csv
Wrote 220 waypoints to S:\Call of Duty\CoD 6 (MW2)\userraw\scriptdata\waypoints\mp_stalingrad_wp.csv
Loaded 392 (392) waypoints from S:\Call of Duty\CoD 6 (MW2)\userraw\scriptdata\waypoints\mp_storm_spring_wp.csv
Wrote 392 waypoints to S:\Call of Duty\CoD 6 (MW2)\userraw\scriptdata\waypoints\mp_storm_spring_wp.csv
Loaded 392 (392) waypoints from S:\Call of Duty\CoD 6 (MW2)\userraw\scriptdata\waypoints\mp_storm_wp.csv
Wrote 392 waypoints to S:\Call of Duty\CoD 6 (MW2)\userraw\scriptdata\waypoints\mp_storm_wp.csv
Loaded 242 (242) waypoints from S:\Call of Duty\CoD 6 (MW2)\userraw\scriptdata\waypoints\mp_strike_at_karkand_v2_wp.csv
Wrote 242 waypoints to S:\Call of Duty\CoD 6 (MW2)\userraw\scriptdata\waypoints\mp_strike_at_karkand_v2_wp.csv
Loaded 525 (525) waypoints from S:\Call of Duty\CoD 6 (MW2)\userraw\scriptdata\waypoints\mp_strike_wp.csv
Wrote 525 waypoints to S:\Call of Duty\CoD 6 (MW2)\userraw\scriptdata\waypoints\mp_strike_wp.csv
Loaded 347 (347) waypoints from S:\Call of Duty\CoD 6 (MW2)\userraw\scriptdata\waypoints\mp_subbase_wp.csv
Wrote 347 waypoints to S:\Call of Duty\CoD 6 (MW2)\userraw\scriptdata\waypoints\mp_subbase_wp.csv
Loaded 192 (192) waypoints from S:\Call of Duty\CoD 6 (MW2)\userraw\scriptdata\waypoints\mp_suburban_wp.csv
Wrote 192 waypoints to S:\Call of Duty\CoD 6 (MW2)\userraw\scriptdata\waypoints\mp_suburban_wp.csv
Loaded 211 (211) waypoints from S:\Call of Duty\CoD 6 (MW2)\userraw\scriptdata\waypoints\mp_subway_wp.csv
Wrote 211 waypoints to S:\Call of Duty\CoD 6 (MW2)\userraw\scriptdata\waypoints\mp_subway_wp.csv
Loaded 259 (259) waypoints from S:\Call of Duty\CoD 6 (MW2)\userraw\scriptdata\waypoints\mp_summit_waypoints_2.gsc.csv
Wrote 259 waypoints to S:\Call of Duty\CoD 6 (MW2)\userraw\scriptdata\waypoints\mp_summit_waypoints_2.gsc.csv
Loaded 222 (222) waypoints from S:\Call of Duty\CoD 6 (MW2)\userraw\scriptdata\waypoints\mp_summit_wp.csv
Wrote 222 waypoints to S:\Call of Duty\CoD 6 (MW2)\userraw\scriptdata\waypoints\mp_summit_wp.csv
Loaded 289 (289) waypoints from S:\Call of Duty\CoD 6 (MW2)\userraw\scriptdata\waypoints\mp_terminal_wp.csv
Wrote 289 waypoints to S:\Call of Duty\CoD 6 (MW2)\userraw\scriptdata\waypoints\mp_terminal_wp.csv
Loaded 279 (279) waypoints from S:\Call of Duty\CoD 6 (MW2)\userraw\scriptdata\waypoints\mp_toujane_v2_wp.csv
Wrote 279 waypoints to S:\Call of Duty\CoD 6 (MW2)\userraw\scriptdata\waypoints\mp_toujane_v2_wp.csv
Loaded 300 (300) waypoints from S:\Call of Duty\CoD 6 (MW2)\userraw\scriptdata\waypoints\mp_trailerpark_wp.csv
Wrote 300 waypoints to S:\Call of Duty\CoD 6 (MW2)\userraw\scriptdata\waypoints\mp_trailerpark_wp.csv
Loaded 293 (293) waypoints from S:\Call of Duty\CoD 6 (MW2)\userraw\scriptdata\waypoints\mp_uber_wp.csv
Wrote 293 waypoints to S:\Call of Duty\CoD 6 (MW2)\userraw\scriptdata\waypoints\mp_uber_wp.csv
Loaded 415 (415) waypoints from S:\Call of Duty\CoD 6 (MW2)\userraw\scriptdata\waypoints\mp_underpass_wp.csv
Wrote 415 waypoints to S:\Call of Duty\CoD 6 (MW2)\userraw\scriptdata\waypoints\mp_underpass_wp.csv
Loaded 258 (258) waypoints from S:\Call of Duty\CoD 6 (MW2)\userraw\scriptdata\waypoints\mp_vacant_wp.csv
Wrote 258 waypoints to S:\Call of Duty\CoD 6 (MW2)\userraw\scriptdata\waypoints\mp_vacant_wp.csv
Loaded 190 (190) waypoints from S:\Call of Duty\CoD 6 (MW2)\userraw\scriptdata\waypoints\mp_vil_blops_wp.csv
Wrote 190 waypoints to S:\Call of Duty\CoD 6 (MW2)\userraw\scriptdata\waypoints\mp_vil_blops_wp.csv
Loaded 248 (248) waypoints from S:\Call of Duty\CoD 6 (MW2)\userraw\scriptdata\waypoints\mp_vodka_wp.csv
Wrote 248 waypoints to S:\Call of Duty\CoD 6 (MW2)\userraw\scriptdata\waypoints\mp_vodka_wp.csv
Loaded 351 (351) waypoints from S:\Call of Duty\CoD 6 (MW2)\userraw\scriptdata\waypoints\mp_vukovar_wp.csv
WP|ef2adac19b83c935846c67c3ca71e14d|6657705595234662602|60|[2805.92, -3278.29, 147.125]||STAND|None|None has no connections
WP|fb98178dca1bb6ee6d9c20cc7aee58a0|5847866574880950162|289|[336.211, -2247.17, 124.125]||STAND|None|None has no connections
Wrote 351 waypoints to S:\Call of Duty\CoD 6 (MW2)\userraw\scriptdata\waypoints\mp_vukovar_wp.csv
Loaded 255 (255) waypoints from S:\Call of Duty\CoD 6 (MW2)\userraw\scriptdata\waypoints\mp_waw_castle_wp.csv
Wrote 255 waypoints to S:\Call of Duty\CoD 6 (MW2)\userraw\scriptdata\waypoints\mp_waw_castle_wp.csv
Loaded 157 (157) waypoints from S:\Call of Duty\CoD 6 (MW2)\userraw\scriptdata\waypoints\oilrig_wp.csv
Wrote 157 waypoints to S:\Call of Duty\CoD 6 (MW2)\userraw\scriptdata\waypoints\oilrig_wp.csv
Loaded 268 (268) waypoints from S:\Call of Duty\CoD 6 (MW2)\userraw\scriptdata\waypoints\roadkill_wp.csv
Wrote 268 waypoints to S:\Call of Duty\CoD 6 (MW2)\userraw\scriptdata\waypoints\roadkill_wp.csv
Loaded 120 (120) waypoints from S:\Call of Duty\CoD 6 (MW2)\userraw\scriptdata\waypoints\so_ghillies_wp.csv
WP|5080685a15e8cbdec90ba1c7319b0039|8704777650757348050|47|[-16891.5, 5997, 204.125]||STAND|[38.3026, -34.8364, 0]|None has no connections
WP|cba2a7da157885fa3a9c730a1b087181|-7568903531955191074|48|[-16973.8, 5879.52, 204.125]||STAND|[39.9835, -40.4724, 0]|None has no connections
Wrote 120 waypoints to S:\Call of Duty\CoD 6 (MW2)\userraw\scriptdata\waypoints\so_ghillies_wp.csv
